{"log":
 [{"message":
   ".> LEAN_PATH=././.lake/packages/batteries/.lake/build/lib:././.lake/packages/Qq/.lake/build/lib:././.lake/packages/aesop/.lake/build/lib:././.lake/packages/proofwidgets/.lake/build/lib:././.lake/packages/Cli/.lake/build/lib:././.lake/packages/importGraph/.lake/build/lib:././.lake/packages/LeanSearchClient/.lake/build/lib:././.lake/packages/mathlib/.lake/build/lib:././.lake/build/lib DYLD_LIBRARY_PATH= /Users/jonathanwashburn/.elan/toolchains/leanprover--lean4---v4.12.0/bin/lean -Dpp.unicode.fun=true -Dpp.proofs.withType=false -DautoImplicit=false -DrelaxedAutoImplicit=false ././././rh/RS/SchurGlobalization.lean -R ./././. -o ././.lake/build/lib/rh/RS/SchurGlobalization.olean -i ././.lake/build/lib/rh/RS/SchurGlobalization.ilean -c ././.lake/build/ir/rh/RS/SchurGlobalization.c --json",
   "level": "trace"},
  {"message":
   "././././rh/RS/SchurGlobalization.lean:76:43: try 'simp' instead of 'simpa'\nnote: this linter can be disabled with `set_option linter.unnecessarySimpa false`",
   "level": "warning"},
  {"message":
   "././././rh/RS/SchurGlobalization.lean:77:39: try 'simp' instead of 'simpa'\nnote: this linter can be disabled with `set_option linter.unnecessarySimpa false`",
   "level": "warning"},
  {"message":
   "././././rh/RS/SchurGlobalization.lean:78:44: try 'simp' instead of 'simpa'\nnote: this linter can be disabled with `set_option linter.unnecessarySimpa false`",
   "level": "warning"},
  {"message":
   "././././rh/RS/SchurGlobalization.lean:79:40: try 'simp' instead of 'simpa'\nnote: this linter can be disabled with `set_option linter.unnecessarySimpa false`",
   "level": "warning"},
  {"message":
   "././././rh/RS/SchurGlobalization.lean:76:64: 'simp' tactic does nothing\nnote: this linter can be disabled with `set_option linter.unusedTactic false`",
   "level": "warning"},
  {"message":
   "././././rh/RS/SchurGlobalization.lean:77:60: 'simp' tactic does nothing\nnote: this linter can be disabled with `set_option linter.unusedTactic false`",
   "level": "warning"},
  {"message":
   "././././rh/RS/SchurGlobalization.lean:78:65: 'simp' tactic does nothing\nnote: this linter can be disabled with `set_option linter.unusedTactic false`",
   "level": "warning"},
  {"message":
   "././././rh/RS/SchurGlobalization.lean:79:61: 'simp' tactic does nothing\nnote: this linter can be disabled with `set_option linter.unusedTactic false`",
   "level": "warning"},
  {"message":
   "././././rh/RS/SchurGlobalization.lean:76:64: this tactic is never executed\nnote: this linter can be disabled with `set_option linter.unreachableTactic false`",
   "level": "warning"},
  {"message":
   "././././rh/RS/SchurGlobalization.lean:77:60: this tactic is never executed\nnote: this linter can be disabled with `set_option linter.unreachableTactic false`",
   "level": "warning"},
  {"message":
   "././././rh/RS/SchurGlobalization.lean:78:65: this tactic is never executed\nnote: this linter can be disabled with `set_option linter.unreachableTactic false`",
   "level": "warning"},
  {"message":
   "././././rh/RS/SchurGlobalization.lean:79:61: this tactic is never executed\nnote: this linter can be disabled with `set_option linter.unreachableTactic false`",
   "level": "warning"},
  {"message":
   "././././rh/RS/SchurGlobalization.lean:171:6: try 'simp' instead of 'simpa'\nnote: this linter can be disabled with `set_option linter.unnecessarySimpa false`",
   "level": "warning"},
  {"message":
   "././././rh/RS/SchurGlobalization.lean:161:17: unused variable `hΘ`\nnote: this linter can be disabled with `set_option linter.unusedVariables false`",
   "level": "warning"},
  {"message":
   "././././rh/RS/SchurGlobalization.lean:195:5: unused variable `hUsub`\nnote: this linter can be disabled with `set_option linter.unusedVariables false`",
   "level": "warning"},
  {"message":
   "././././rh/RS/SchurGlobalization.lean:196:13: unused variable `hρΩ`\nnote: this linter can be disabled with `set_option linter.unusedVariables false`",
   "level": "warning"},
  {"message":
   "././././rh/RS/SchurGlobalization.lean:196:41: unused variable `hρZ`\nnote: this linter can be disabled with `set_option linter.unusedVariables false`",
   "level": "warning"},
  {"message":
   "././././rh/RS/SchurGlobalization.lean:239:49: unused variable `hz`\nnote: this linter can be disabled with `set_option linter.unusedVariables false`",
   "level": "warning"},
  {"message":
   "././././rh/RS/SchurGlobalization.lean:240:5: unused variable `w`\nnote: this linter can be disabled with `set_option linter.unusedVariables false`",
   "level": "warning"},
  {"message":
   "././././rh/RS/SchurGlobalization.lean:288:4: try 'simp at this' instead of 'simpa using this'\nnote: this linter can be disabled with `set_option linter.unnecessarySimpa false`",
   "level": "warning"},
  {"message":
   "././././rh/RS/SchurGlobalization.lean:350:53: unused variable `data`\nnote: this linter can be disabled with `set_option linter.unusedVariables false`",
   "level": "warning"},
  {"message":
   "././././rh/RS/SchurGlobalization.lean:385:8: try 'simp' instead of 'simpa'\nnote: this linter can be disabled with `set_option linter.unnecessarySimpa false`",
   "level": "warning"},
  {"message":
   "././././rh/RS/SchurGlobalization.lean:401:34: try 'simp at this' instead of 'simpa using this'\nnote: this linter can be disabled with `set_option linter.unnecessarySimpa false`",
   "level": "warning"},
  {"message":
   "././././rh/RS/SchurGlobalization.lean:409:7: unused variable `data`\nnote: this linter can be disabled with `set_option linter.unusedVariables false`",
   "level": "warning"},
  {"message":
   "././././rh/RS/SchurGlobalization.lean:420:44: unused variable `data`\nnote: this linter can be disabled with `set_option linter.unusedVariables false`",
   "level": "warning"},
  {"message":
   "././././rh/RS/SchurGlobalization.lean:434:7: unused variable `data`\nnote: this linter can be disabled with `set_option linter.unusedVariables false`",
   "level": "warning"},
  {"message":
   "././././rh/RS/SchurGlobalization.lean:463:5: unused variable `data`\nnote: this linter can be disabled with `set_option linter.unusedVariables false`",
   "level": "warning"},
  {"message":
   "././././rh/RS/SchurGlobalization.lean:482:23: unused variable `data`\nnote: this linter can be disabled with `set_option linter.unusedVariables false`",
   "level": "warning"},
  {"message":
   "././././rh/RS/SchurGlobalization.lean:523:8: try 'simp' instead of 'simpa'\nnote: this linter can be disabled with `set_option linter.unnecessarySimpa false`",
   "level": "warning"},
  {"message":
   "././././rh/RS/SchurGlobalization.lean:540:34: try 'simp at this' instead of 'simpa using this'\nnote: this linter can be disabled with `set_option linter.unnecessarySimpa false`",
   "level": "warning"},
  {"message":
   "././././rh/RS/SchurGlobalization.lean:494:5: unused variable `hZsub`\nnote: this linter can be disabled with `set_option linter.unusedVariables false`",
   "level": "warning"},
  {"message":
   "././././rh/RS/SchurGlobalization.lean:495:27: unused variable `hρZ`\nnote: this linter can be disabled with `set_option linter.unusedVariables false`",
   "level": "warning"},
  {"message":
   "././././rh/RS/SchurGlobalization.lean:498:5: unused variable `hΘU`\nnote: this linter can be disabled with `set_option linter.unusedVariables false`",
   "level": "warning"},
  {"message":
   "././././rh/RS/SchurGlobalization.lean:553:48: unused variable `data`\nnote: this linter can be disabled with `set_option linter.unusedVariables false`",
   "level": "warning"},
  {"message":
   "././././rh/RS/SchurGlobalization.lean:563:44: unused variable `data`\nnote: this linter can be disabled with `set_option linter.unusedVariables false`",
   "level": "warning"},
  {"message":
   "././././rh/RS/SchurGlobalization.lean:583:45: unused variable `data`\nnote: this linter can be disabled with `set_option linter.unusedVariables false`",
   "level": "warning"},
  {"message":
   "././././rh/RS/SchurGlobalization.lean:596:50: unused variable `data`\nnote: this linter can be disabled with `set_option linter.unusedVariables false`",
   "level": "warning"},
  {"message":
   "././././rh/RS/SchurGlobalization.lean:622:43: unused variable `data`\nnote: this linter can be disabled with `set_option linter.unusedVariables false`",
   "level": "warning"},
  {"message":
   "././././rh/RS/SchurGlobalization.lean:635:50: unused variable `data`\nnote: this linter can be disabled with `set_option linter.unusedVariables false`",
   "level": "warning"},
  {"message":
   "././././rh/RS/SchurGlobalization.lean:669:6: try 'simp' instead of 'simpa'\nnote: this linter can be disabled with `set_option linter.unnecessarySimpa false`",
   "level": "warning"},
  {"message":
   "././././rh/RS/SchurGlobalization.lean:680:5: unused variable `hΘU`\nnote: this linter can be disabled with `set_option linter.unusedVariables false`",
   "level": "warning"},
  {"message":
   "././././rh/RS/SchurGlobalization.lean:757:8: try 'simp' instead of 'simpa'\nnote: this linter can be disabled with `set_option linter.unnecessarySimpa false`",
   "level": "warning"},
  {"message":
   "././././rh/RS/SchurGlobalization.lean:765:6: try 'simp' instead of 'simpa'\nnote: this linter can be disabled with `set_option linter.unnecessarySimpa false`",
   "level": "warning"}],
 "depHash": "2542700486700824061"}